<?xml version="1.0" encoding="UTF-8"?>
<!-- Generated by org.testng.reporters.JUnitReportReporter -->
<testsuite hostname="DESKTOP-S27VUJS" failures="0" tests="1" name="com.DATA_DRIVEN_FW.FeatchDATAfrom_DATAPROVIDER" time="9.085" errors="0" timestamp="2024-03-06T13:46:18 IST" skipped="0">
  <testcase classname="com.DATA_DRIVEN_FW.FeatchDATAfrom_DATAPROVIDER" name="fetchdata" time="9.085"/>
</testsuite> <!-- com.DATA_DRIVEN_FW.FeatchDATAfrom_DATAPROVIDER -->
