<?xml version="1.0" encoding="UTF-8"?>
<!-- Generated by org.testng.reporters.JUnitReportReporter -->
<testsuite hostname="DESKTOP-S27VUJS" failures="0" tests="2" name="Include_Exclude.Launch" time="0.012" errors="0" timestamp="2024-02-20T12:14:28 IST" skipped="0">
  <testcase classname="Include_Exclude.Launch" name="LaunchVerfiy" time="0.001">
    <system-out>
      <![CDATA[Launch URL is working]]>
    </system-out>
  </testcase> <!-- LaunchVerfiy -->
  <testcase classname="Include_Exclude.Launch" name="LaunchApp" time="0.011">
    <system-out>
      <![CDATA[Launch is working fine]]>
    </system-out>
  </testcase> <!-- LaunchApp -->
  <system-out>
    <![CDATA[Launch is working fine
Launch URL is working
Login to app is working
LoginApp process is working
LogOut link is working
Logout success
Home page of Appp is working fine]]>
  </system-out>
</testsuite> <!-- Include_Exclude.Launch -->
