<?xml version="1.0" encoding="UTF-8"?>
<!-- Generated by org.testng.reporters.JUnitReportReporter -->
<testsuite hostname="DESKTOP-S27VUJS" failures="0" tests="1" name="com.TESTNG.PARAMETERS" time="5.216" errors="0" timestamp="2024-02-21T13:17:59 IST" skipped="0">
  <testcase classname="com.TESTNG.PARAMETERS" name="Loggin" time="5.216">
    <system-out>
      <![CDATA[Admin
Manager]]>
    </system-out>
  </testcase> <!-- Loggin -->
  <system-out>
    <![CDATA[Admin
Manager]]>
  </system-out>
</testsuite> <!-- com.TESTNG.PARAMETERS -->
