<?xml version="1.0" encoding="UTF-8"?>
<!-- Generated by org.testng.reporters.JUnitReportReporter -->
<testsuite hostname="DESKTOP-S27VUJS" failures="0" tests="1" name="com.POM.MAINAPP_FOR_FACEBOOK$TestAccount" time="9.582" errors="0" timestamp="2024-02-26T14:17:10 IST" skipped="0">
  <testcase classname="com.POM.MAINAPP_FOR_FACEBOOK$TestAccount" name="TestLogin" time="9.582"/>
</testsuite> <!-- com.POM.MAINAPP_FOR_FACEBOOK$TestAccount -->
