<?xml version="1.0" encoding="UTF-8"?>
<!-- Generated by org.testng.reporters.JUnitReportReporter -->
<testsuite hostname="DESKTOP-S27VUJS" failures="0" tests="2" name="com.TESTNG.Verifiaction_TEST03" time="0.013" errors="0" timestamp="2024-02-16T13:32:52 IST" skipped="0">
  <testcase classname="com.TESTNG.Verifiaction_TEST03" name="Test01" time="0.012">
    <system-out>
      <![CDATA[Test 01 Method execution is Started
Verification 01 started
Verification 02 started
TEST 01 Method execution is end]]>
    </system-out>
  </testcase> <!-- Test01 -->
  <testcase classname="com.TESTNG.Verifiaction_TEST03" name="TEST02" time="0.001">
    <system-out>
      <![CDATA[TEST02 ]]>
    </system-out>
  </testcase> <!-- TEST02 -->
  <system-out>
    <![CDATA[Launch is working fine
Launch URL is working
Login to app is working
LoginApp process is working
LogOut link is working
Logout success
Home page of Appp is working fine
Create Account method executed
Create Account method executed
Create Account method executed
Create Account method executed
Create Account method executed
Create Account method executed
Create Account method executed
Create Account method executed
Create Account method executed
Create Account method executed
Delete Account method executed
Verfication is passs
SingUp Method is Executed
LoginPage Method executed
TEST02 
TEST03 method Pass
TEST02 method Pass
Test 01 Method execution is Started
Verification 01 started
Verification 02 started
TEST 01 Method execution is end
TestScript01
TestScript02
M1 Method is Executed
M2 Method is Executed
M3 Method is Executed
M4 Method is Executed
M5 Method is Executed
Edit Account method executed
Read Account method executed]]>
  </system-out>
</testsuite> <!-- com.TESTNG.Verifiaction_TEST03 -->
