<?xml version="1.0" encoding="UTF-8"?>
<!-- Generated by org.testng.reporters.JUnitReportReporter -->
<testsuite hostname="DESKTOP-S27VUJS" failures="0" tests="1" name="com.TESTNG.DATA_PROVIDER_TEST_SCRIPT" time="5.273" errors="0" timestamp="2024-02-21T13:06:27 IST" skipped="0">
  <testcase classname="com.TESTNG.DATA_PROVIDER_TEST_SCRIPT" name="TestLogin" time="5.273"/>
</testsuite> <!-- com.TESTNG.DATA_PROVIDER_TEST_SCRIPT -->
