<?xml version="1.0" encoding="UTF-8"?>
<!-- Generated by org.testng.reporters.JUnitReportReporter -->
<testsuite hostname="DESKTOP-S27VUJS" failures="0" tests="1" name="com.POM.MAINAPP_FOR_FACEBOOK$TestScript" time="7.576" errors="0" timestamp="2024-02-26T13:26:22 IST" skipped="0">
  <testcase classname="com.POM.MAINAPP_FOR_FACEBOOK$TestScript" name="CreateAccount" time="7.576"/>
</testsuite> <!-- com.POM.MAINAPP_FOR_FACEBOOK$TestScript -->
