<?xml version="1.0" encoding="UTF-8"?>
<!-- Generated by org.testng.reporters.JUnitReportReporter -->
<testsuite hostname="DESKTOP-S27VUJS" failures="0" tests="1" name="Integration_pck.param" time="0.012" errors="0" timestamp="2024-02-17T10:51:23 IST" skipped="0">
  <testcase classname="Integration_pck.param" name="test01" time="0.012">
    <system-out>
      <![CDATA[Admin
Manager]]>
    </system-out>
  </testcase> <!-- test01 -->
  <system-out>
    <![CDATA[Admin
Manager]]>
  </system-out>
</testsuite> <!-- Integration_pck.param -->
