<?xml version="1.0" encoding="UTF-8"?>
<!-- Generated by org.testng.reporters.JUnitReportReporter -->
<testsuite hostname="DESKTOP-S27VUJS" failures="0" tests="1" name="TEST_SCRIPT_SELENIUM01" time="6.156" errors="0" timestamp="2024-02-21T12:56:12 IST" skipped="0">
  <testcase classname="TEST_SCRIPT_SELENIUM01" name="TestLogin" time="6.156"/>
</testsuite> <!-- TEST_SCRIPT_SELENIUM01 -->
