<?xml version="1.0" encoding="UTF-8"?>
<!-- Generated by org.testng.reporters.JUnitReportReporter -->
<testsuite hostname="DESKTOP-S27VUJS" failures="0" tests="1" name="com.DATA_DRIVEN_FW.MainApp_Script_For_Utility" time="6.232" errors="0" timestamp="2024-03-06T13:04:35 IST" skipped="0">
  <testcase classname="com.DATA_DRIVEN_FW.MainApp_Script_For_Utility" name="login" time="6.232"/>
</testsuite> <!-- com.DATA_DRIVEN_FW.MainApp_Script_For_Utility -->
