<?xml version="1.0" encoding="UTF-8"?>
<!-- Generated by org.testng.reporters.JUnitReportReporter -->
<testsuite hostname="DESKTOP-S27VUJS" failures="0" tests="2" name="Include_Exclude.LogOut" time="0.004" errors="0" timestamp="2024-02-20T12:14:28 IST" skipped="0">
  <testcase classname="Include_Exclude.LogOut" name="Logout" time="0.002">
    <system-out>
      <![CDATA[LogOut link is working]]>
    </system-out>
  </testcase> <!-- Logout -->
  <testcase classname="Include_Exclude.LogOut" name="VerifyLogout" time="0.002">
    <system-out>
      <![CDATA[Logout success]]>
    </system-out>
  </testcase> <!-- VerifyLogout -->
  <system-out>
    <![CDATA[Launch is working fine
Launch URL is working
Login to app is working
LoginApp process is working
LogOut link is working
Logout success
Home page of Appp is working fine]]>
  </system-out>
</testsuite> <!-- Include_Exclude.LogOut -->
