<?xml version="1.0" encoding="UTF-8"?>
<!-- Generated by org.testng.reporters.JUnitReportReporter -->
<testsuite hostname="DESKTOP-S27VUJS" failures="0" tests="3" name="TESTNGEXECUTION.CreateAcccount_Script" time="11.788" errors="0" timestamp="2024-02-23T12:47:22 IST" skipped="0">
  <testcase classname="TESTNGEXECUTION.CreateAcccount_Script" name="Create" time="4.098"/>
  <testcase classname="TESTNGEXECUTION.CreateAcccount_Script" name="Create" time="4.211"/>
  <testcase classname="TESTNGEXECUTION.CreateAcccount_Script" name="Create" time="3.479"/>
  <system-out>
    <![CDATA[CreateExecution is fail
FBLoginExecution is fail
CreateExecution is fail
FBLoginExecution is fail
CreateExecution is fail
FBLoginExecution is passs]]>
  </system-out>
</testsuite> <!-- TESTNGEXECUTION.CreateAcccount_Script -->
