<?xml version="1.0" encoding="UTF-8"?>
<!-- Generated by org.testng.reporters.JUnitReportReporter -->
<testsuite hostname="DESKTOP-S27VUJS" failures="0" tests="1" name="Include_Exclude.Home" time="0.002" errors="0" timestamp="2024-02-20T12:14:28 IST" skipped="0">
  <testcase classname="Include_Exclude.Home" name="HomeApp" time="0.002">
    <system-out>
      <![CDATA[Home page of Appp is working fine]]>
    </system-out>
  </testcase> <!-- HomeApp -->
  <system-out>
    <![CDATA[Launch is working fine
Launch URL is working
Login to app is working
LoginApp process is working
LogOut link is working
Logout success
Home page of Appp is working fine]]>
  </system-out>
</testsuite> <!-- Include_Exclude.Home -->
