<?xml version="1.0" encoding="UTF-8"?>
<!-- Generated by org.testng.reporters.JUnitReportReporter -->
<testsuite hostname="DESKTOP-S27VUJS" failures="0" tests="1" name="com.POM.FINDBYALL_Script" time="2.937" errors="0" timestamp="2024-02-28T12:32:23 IST" skipped="0">
  <testcase classname="com.POM.FINDBYALL_Script" name="ele" time="2.937">
    <system-out>
      <![CDATA[Elemnts lis -----100]]>
    </system-out>
  </testcase> <!-- ele -->
  <system-out>
    <![CDATA[Elemnts lis -----100]]>
  </system-out>
</testsuite> <!-- com.POM.FINDBYALL_Script -->
