<?xml version="1.0" encoding="UTF-8"?>
<!-- Generated by org.testng.reporters.JUnitReportReporter -->
<testsuite hostname="DESKTOP-S27VUJS" failures="0" tests="2" name="Include_Exclude.Login" time="0.003" errors="0" timestamp="2024-02-20T12:14:28 IST" skipped="0">
  <testcase classname="Include_Exclude.Login" name="VerifyLoginApp" time="0.002">
    <system-out>
      <![CDATA[LoginApp process is working]]>
    </system-out>
  </testcase> <!-- VerifyLoginApp -->
  <testcase classname="Include_Exclude.Login" name="LoginApp" time="0.001">
    <system-out>
      <![CDATA[Login to app is working]]>
    </system-out>
  </testcase> <!-- LoginApp -->
  <system-out>
    <![CDATA[Launch is working fine
Launch URL is working
Login to app is working
LoginApp process is working
LogOut link is working
Logout success
Home page of Appp is working fine]]>
  </system-out>
</testsuite> <!-- Include_Exclude.Login -->
