<?xml version="1.0" encoding="UTF-8"?>
<!-- Generated by org.testng.reporters.JUnitReportReporter -->
<testsuite hostname="DESKTOP-S27VUJS" failures="0" tests="1" name="com.TESTNG.Exceution" time="0.012" errors="0" timestamp="2024-02-21T12:18:54 IST" skipped="0">
  <testcase classname="com.TESTNG.Exceution" name="f" time="0.012">
    <system-out>
      <![CDATA[Test Method execution ]]>
    </system-out>
  </testcase> <!-- f -->
  <system-out>
    <![CDATA[BeforeSuit Execution 
BeforeTest Execution 
BeforeClass Method Execution 
Before Method Execution 
Test Method execution 
After Method Execution 
AfterClass Method Execution 
AfterTest Execution 
AfterSuit Execution ]]>
  </system-out>
</testsuite> <!-- com.TESTNG.Exceution -->
