<?xml version="1.0" encoding="UTF-8"?>
<!-- Generated by org.testng.reporters.JUnitReportReporter -->
<testsuite hostname="DESKTOP-S27VUJS" failures="0" tests="2" name="com.TESTNG.DATA_PROVIDER" time="0.009" errors="0" timestamp="2024-02-20T12:44:08 IST" skipped="0">
  <testcase classname="com.TESTNG.DATA_PROVIDER" name="Singup" time="0.008">
    <system-out>
      <![CDATA[Admin1
Manager1]]>
    </system-out>
  </testcase> <!-- Singup -->
  <testcase classname="com.TESTNG.DATA_PROVIDER" name="Singup" time="0.001">
    <system-out>
      <![CDATA[Admin2
Manager2]]>
    </system-out>
  </testcase> <!-- Singup -->
  <system-out>
    <![CDATA[Admin1
Manager1
Admin2
Manager2]]>
  </system-out>
</testsuite> <!-- com.TESTNG.DATA_PROVIDER -->
